{"/Users/dana/d4lton/libraries/node-frontend/src/index.ts": {"path":"/Users/dana/d4lton/libraries/node-frontend/src/index.ts","statementMap":{"0":{"start":{"line":5,"column":0},"end":{"line":5,"column":8}},"1":{"start":{"line":5,"column":8},"end":{"line":5,"column":39}},"2":{"start":{"line":6,"column":0},"end":{"line":6,"column":8}},"3":{"start":{"line":6,"column":8},"end":{"line":6,"column":85}},"4":{"start":{"line":7,"column":0},"end":{"line":7,"column":8}},"5":{"start":{"line":7,"column":8},"end":{"line":7,"column":54}},"6":{"start":{"line":8,"column":0},"end":{"line":8,"column":8}},"7":{"start":{"line":8,"column":8},"end":{"line":8,"column":39}},"8":{"start":{"line":9,"column":0},"end":{"line":9,"column":21}},"9":{"start":{"line":9,"column":21},"end":{"line":9,"column":44}},"10":{"start":{"line":9,"column":44},"end":{"line":9,"column":86}},"11":{"start":{"line":10,"column":0},"end":{"line":10,"column":8}},"12":{"start":{"line":10,"column":8},"end":{"line":10,"column":36}},"13":{"start":{"line":11,"column":0},"end":{"line":11,"column":8}},"14":{"start":{"line":11,"column":8},"end":{"line":11,"column":58}},"15":{"start":{"line":12,"column":0},"end":{"line":12,"column":8}},"16":{"start":{"line":12,"column":8},"end":{"line":12,"column":39}},"17":{"start":{"line":13,"column":0},"end":{"line":13,"column":8}},"18":{"start":{"line":13,"column":8},"end":{"line":13,"column":45}},"19":{"start":{"line":14,"column":0},"end":{"line":14,"column":8}},"20":{"start":{"line":14,"column":8},"end":{"line":14,"column":63}}},"fnMap":{"0":{"name":"(anonymous_0)","decl":{"start":{"line":5,"column":8},"end":{"line":5,"column":13}},"loc":{"start":{"line":5,"column":8},"end":{"line":5,"column":39}}},"1":{"name":"(anonymous_1)","decl":{"start":{"line":6,"column":8},"end":{"line":6,"column":16}},"loc":{"start":{"line":6,"column":8},"end":{"line":6,"column":85}}},"2":{"name":"(anonymous_2)","decl":{"start":{"line":7,"column":8},"end":{"line":7,"column":22}},"loc":{"start":{"line":7,"column":8},"end":{"line":7,"column":54}}},"3":{"name":"(anonymous_3)","decl":{"start":{"line":8,"column":8},"end":{"line":8,"column":14}},"loc":{"start":{"line":8,"column":8},"end":{"line":8,"column":39}}},"4":{"name":"(anonymous_4)","decl":{"start":{"line":9,"column":21},"end":{"line":9,"column":42}},"loc":{"start":{"line":9,"column":21},"end":{"line":9,"column":44}}},"5":{"name":"(anonymous_5)","decl":{"start":{"line":9,"column":44},"end":{"line":9,"column":56}},"loc":{"start":{"line":9,"column":44},"end":{"line":9,"column":86}}},"6":{"name":"(anonymous_6)","decl":{"start":{"line":10,"column":8},"end":{"line":10,"column":13}},"loc":{"start":{"line":10,"column":8},"end":{"line":10,"column":36}}},"7":{"name":"(anonymous_7)","decl":{"start":{"line":11,"column":8},"end":{"line":11,"column":24}},"loc":{"start":{"line":11,"column":8},"end":{"line":11,"column":58}}},"8":{"name":"(anonymous_8)","decl":{"start":{"line":12,"column":8},"end":{"line":12,"column":14}},"loc":{"start":{"line":12,"column":8},"end":{"line":12,"column":39}}},"9":{"name":"(anonymous_9)","decl":{"start":{"line":13,"column":8},"end":{"line":13,"column":16}},"loc":{"start":{"line":13,"column":8},"end":{"line":13,"column":45}}},"10":{"name":"(anonymous_10)","decl":{"start":{"line":14,"column":8},"end":{"line":14,"column":25}},"loc":{"start":{"line":14,"column":8},"end":{"line":14,"column":63}}}},"branchMap":{},"s":{"0":1,"1":1,"2":1,"3":4,"4":1,"5":1,"6":1,"7":1,"8":1,"9":1,"10":1,"11":1,"12":1,"13":1,"14":1,"15":1,"16":1,"17":1,"18":1,"19":1,"20":1},"f":{"0":0,"1":3,"2":0,"3":0,"4":0,"5":0,"6":0,"7":0,"8":0,"9":0,"10":0},"b":{}}
,"/Users/dana/d4lton/libraries/node-frontend/src/config/Config.ts": {"path":"/Users/dana/d4lton/libraries/node-frontend/src/config/Config.ts","statementMap":{"0":{"start":{"line":5,"column":0},"end":{"line":5,"column":52}},"1":{"start":{"line":10,"column":4},"end":{"line":10,"column":79}},"2":{"start":{"line":14,"column":4},"end":{"line":14,"column":36}},"3":{"start":{"line":7,"column":0},"end":{"line":7,"column":13}}},"fnMap":{"0":{"name":"(anonymous_0)","decl":{"start":{"line":9,"column":2},"end":{"line":9,"column":8}},"loc":{"start":{"line":9,"column":44},"end":{"line":11,"column":3}}},"1":{"name":"(anonymous_1)","decl":{"start":{"line":13,"column":2},"end":{"line":13,"column":8}},"loc":{"start":{"line":13,"column":19},"end":{"line":15,"column":3}}}},"branchMap":{"0":{"loc":{"start":{"line":14,"column":11},"end":{"line":14,"column":35}},"type":"binary-expr","locations":[{"start":{"line":14,"column":11},"end":{"line":14,"column":29}},{"start":{"line":14,"column":33},"end":{"line":14,"column":35}}]}},"s":{"0":1,"1":0,"2":0,"3":1},"f":{"0":0,"1":0},"b":{"0":[0,0]}}
,"/Users/dana/d4lton/libraries/node-frontend/src/eventbus/Event.ts": {"path":"/Users/dana/d4lton/libraries/node-frontend/src/eventbus/Event.ts","statementMap":{"0":{"start":{"line":7,"column":21},"end":{"line":7,"column":33}},"1":{"start":{"line":5,"column":0},"end":{"line":5,"column":13}}},"fnMap":{"0":{"name":"(anonymous_0)","decl":{"start":{"line":7,"column":2},"end":{"line":7,"column":21}},"loc":{"start":{"line":7,"column":33},"end":{"line":8,"column":3}}}},"branchMap":{},"s":{"0":0,"1":1},"f":{"0":0},"b":{}}
,"/Users/dana/d4lton/libraries/node-frontend/src/eventbus/EventBus.ts": {"path":"/Users/dana/d4lton/libraries/node-frontend/src/eventbus/EventBus.ts","statementMap":{"0":{"start":{"line":5,"column":0},"end":{"line":5,"column":40}},"1":{"start":{"line":8,"column":15},"end":{"line":8,"column":28}},"2":{"start":{"line":24,"column":31},"end":{"line":24,"column":32}},"3":{"start":{"line":25,"column":60},"end":{"line":25,"column":69}},"4":{"start":{"line":28,"column":4},"end":{"line":28,"column":null}},"5":{"start":{"line":28,"column":27},"end":{"line":28,"column":100}},"6":{"start":{"line":29,"column":28},"end":{"line":29,"column":71}},"7":{"start":{"line":29,"column":47},"end":{"line":29,"column":70}},"8":{"start":{"line":30,"column":4},"end":{"line":30,"column":null}},"9":{"start":{"line":30,"column":44},"end":{"line":30,"column":117}},"10":{"start":{"line":31,"column":39},"end":{"line":31,"column":80}},"11":{"start":{"line":31,"column":56},"end":{"line":31,"column":79}},"12":{"start":{"line":32,"column":4},"end":{"line":36,"column":55}},"13":{"start":{"line":33,"column":19},"end":{"line":33,"column":38}},"14":{"start":{"line":35,"column":22},"end":{"line":35,"column":26}},"15":{"start":{"line":36,"column":19},"end":{"line":36,"column":53}},"16":{"start":{"line":40,"column":4},"end":{"line":40,"column":null}},"17":{"start":{"line":40,"column":42},"end":{"line":40,"column":101}},"18":{"start":{"line":41,"column":4},"end":{"line":41,"column":46}},"19":{"start":{"line":45,"column":15},"end":{"line":45,"column":29}},"20":{"start":{"line":46,"column":20},"end":{"line":46,"column":49}},"21":{"start":{"line":47,"column":4},"end":{"line":47,"column":null}},"22":{"start":{"line":47,"column":22},"end":{"line":47,"column":37}},"23":{"start":{"line":48,"column":4},"end":{"line":48,"column":49}},"24":{"start":{"line":49,"column":4},"end":{"line":49,"column":45}},"25":{"start":{"line":50,"column":4},"end":{"line":63,"column":6}},"26":{"start":{"line":53,"column":24},"end":{"line":53,"column":53}},"27":{"start":{"line":54,"column":8},"end":{"line":61,"column":null}},"28":{"start":{"line":55,"column":10},"end":{"line":55,"column":59}},"29":{"start":{"line":55,"column":45},"end":{"line":55,"column":57}},"30":{"start":{"line":56,"column":10},"end":{"line":60,"column":null}},"31":{"start":{"line":57,"column":12},"end":{"line":57,"column":53}},"32":{"start":{"line":59,"column":12},"end":{"line":59,"column":45}},"33":{"start":{"line":67,"column":4},"end":{"line":69,"column":null}},"34":{"start":{"line":68,"column":6},"end":{"line":68,"column":32}},"35":{"start":{"line":73,"column":22},"end":{"line":73,"column":57}},"36":{"start":{"line":74,"column":4},"end":{"line":74,"column":65}},"37":{"start":{"line":75,"column":4},"end":{"line":83,"column":null}},"38":{"start":{"line":76,"column":6},"end":{"line":82,"column":null}},"39":{"start":{"line":77,"column":8},"end":{"line":81,"column":null}},"40":{"start":{"line":78,"column":10},"end":{"line":78,"column":35}},"41":{"start":{"line":80,"column":10},"end":{"line":80,"column":99}},"42":{"start":{"line":22,"column":0},"end":{"line":22,"column":13}}},"fnMap":{"0":{"name":"(anonymous_0)","decl":{"start":{"line":27,"column":2},"end":{"line":27,"column":8}},"loc":{"start":{"line":27,"column":63},"end":{"line":37,"column":3}}},"1":{"name":"(anonymous_1)","decl":{"start":{"line":29,"column":40},"end":{"line":29,"column":43}},"loc":{"start":{"line":29,"column":47},"end":{"line":29,"column":70}}},"2":{"name":"(anonymous_2)","decl":{"start":{"line":31,"column":49},"end":{"line":31,"column":52}},"loc":{"start":{"line":31,"column":56},"end":{"line":31,"column":79}}},"3":{"name":"(anonymous_3)","decl":{"start":{"line":33,"column":11},"end":{"line":33,"column":15}},"loc":{"start":{"line":33,"column":19},"end":{"line":33,"column":38}}},"4":{"name":"(anonymous_4)","decl":{"start":{"line":35,"column":14},"end":{"line":35,"column":18}},"loc":{"start":{"line":35,"column":22},"end":{"line":35,"column":26}}},"5":{"name":"(anonymous_5)","decl":{"start":{"line":36,"column":11},"end":{"line":36,"column":15}},"loc":{"start":{"line":36,"column":19},"end":{"line":36,"column":53}}},"6":{"name":"(anonymous_6)","decl":{"start":{"line":39,"column":2},"end":{"line":39,"column":8}},"loc":{"start":{"line":39,"column":58},"end":{"line":42,"column":3}}},"7":{"name":"(anonymous_7)","decl":{"start":{"line":44,"column":10},"end":{"line":44,"column":16}},"loc":{"start":{"line":44,"column":67},"end":{"line":64,"column":3}}},"8":{"name":"(anonymous_8)","decl":{"start":{"line":52,"column":18},"end":{"line":52,"column":21}},"loc":{"start":{"line":52,"column":23},"end":{"line":62,"column":7}}},"9":{"name":"(anonymous_9)","decl":{"start":{"line":55,"column":39},"end":{"line":55,"column":41}},"loc":{"start":{"line":55,"column":45},"end":{"line":55,"column":57}}},"10":{"name":"(anonymous_10)","decl":{"start":{"line":66,"column":2},"end":{"line":66,"column":8}},"loc":{"start":{"line":66,"column":60},"end":{"line":70,"column":3}}},"11":{"name":"(anonymous_11)","decl":{"start":{"line":72,"column":2},"end":{"line":72,"column":8}},"loc":{"start":{"line":72,"column":30},"end":{"line":84,"column":3}}}},"branchMap":{"0":{"loc":{"start":{"line":28,"column":4},"end":{"line":28,"column":null}},"type":"if","locations":[{"start":{"line":28,"column":4},"end":{"line":28,"column":null}}]},"1":{"loc":{"start":{"line":30,"column":4},"end":{"line":30,"column":null}},"type":"if","locations":[{"start":{"line":30,"column":4},"end":{"line":30,"column":null}}]},"2":{"loc":{"start":{"line":40,"column":4},"end":{"line":40,"column":null}},"type":"if","locations":[{"start":{"line":40,"column":4},"end":{"line":40,"column":null}}]},"3":{"loc":{"start":{"line":47,"column":4},"end":{"line":47,"column":null}},"type":"if","locations":[{"start":{"line":47,"column":4},"end":{"line":47,"column":null}}]},"4":{"loc":{"start":{"line":54,"column":8},"end":{"line":61,"column":null}},"type":"if","locations":[{"start":{"line":54,"column":8},"end":{"line":61,"column":null}}]},"5":{"loc":{"start":{"line":56,"column":10},"end":{"line":60,"column":null}},"type":"if","locations":[{"start":{"line":56,"column":10},"end":{"line":60,"column":null}},{"start":{"line":58,"column":17},"end":{"line":60,"column":null}}]},"6":{"loc":{"start":{"line":74,"column":32},"end":{"line":74,"column":54}},"type":"binary-expr","locations":[{"start":{"line":74,"column":32},"end":{"line":74,"column":49}},{"start":{"line":74,"column":53},"end":{"line":74,"column":54}}]},"7":{"loc":{"start":{"line":75,"column":4},"end":{"line":83,"column":null}},"type":"if","locations":[{"start":{"line":75,"column":4},"end":{"line":83,"column":null}}]}},"s":{"0":1,"1":1,"2":1,"3":1,"4":0,"5":0,"6":0,"7":0,"8":0,"9":0,"10":0,"11":0,"12":0,"13":0,"14":0,"15":0,"16":1,"17":0,"18":1,"19":1,"20":1,"21":1,"22":1,"23":1,"24":1,"25":1,"26":1,"27":1,"28":1,"29":1,"30":1,"31":0,"32":1,"33":1,"34":1,"35":1,"36":1,"37":1,"38":1,"39":1,"40":1,"41":0,"42":1},"f":{"0":0,"1":0,"2":0,"3":0,"4":0,"5":0,"6":1,"7":1,"8":1,"9":1,"10":1,"11":1},"b":{"0":[0],"1":[0],"2":[0],"3":[1],"4":[1],"5":[0,1],"6":[1,0],"7":[1]}}
,"/Users/dana/d4lton/libraries/node-frontend/src/eventbus/EventSourceBridge.ts": {"path":"/Users/dana/d4lton/libraries/node-frontend/src/eventbus/EventSourceBridge.ts","statementMap":{"0":{"start":{"line":5,"column":0},"end":{"line":5,"column":46}},"1":{"start":{"line":6,"column":0},"end":{"line":6,"column":37}},"2":{"start":{"line":7,"column":0},"end":{"line":7,"column":36}},"3":{"start":{"line":15,"column":4},"end":{"line":15,"column":43}},"4":{"start":{"line":16,"column":4},"end":{"line":16,"column":72}},"5":{"start":{"line":20,"column":4},"end":{"line":22,"column":null}},"6":{"start":{"line":21,"column":6},"end":{"line":21,"column":45}},"7":{"start":{"line":23,"column":4},"end":{"line":28,"column":null}},"8":{"start":{"line":24,"column":6},"end":{"line":24,"column":117}},"9":{"start":{"line":25,"column":6},"end":{"line":27,"column":9}},"10":{"start":{"line":26,"column":8},"end":{"line":26,"column":50}},"11":{"start":{"line":9,"column":0},"end":{"line":9,"column":13}}},"fnMap":{"0":{"name":"(anonymous_0)","decl":{"start":{"line":14,"column":2},"end":{"line":14,"column":8}},"loc":{"start":{"line":14,"column":37},"end":{"line":17,"column":3}}},"1":{"name":"(anonymous_1)","decl":{"start":{"line":19,"column":2},"end":{"line":19,"column":8}},"loc":{"start":{"line":19,"column":27},"end":{"line":29,"column":3}}},"2":{"name":"(anonymous_2)","decl":{"start":{"line":25,"column":65},"end":{"line":25,"column":66}},"loc":{"start":{"line":25,"column":80},"end":{"line":27,"column":7}}}},"branchMap":{"0":{"loc":{"start":{"line":20,"column":4},"end":{"line":22,"column":null}},"type":"if","locations":[{"start":{"line":20,"column":4},"end":{"line":22,"column":null}}]},"1":{"loc":{"start":{"line":23,"column":4},"end":{"line":28,"column":null}},"type":"if","locations":[{"start":{"line":23,"column":4},"end":{"line":28,"column":null}}]}},"s":{"0":1,"1":1,"2":1,"3":0,"4":0,"5":0,"6":0,"7":0,"8":0,"9":0,"10":0,"11":1},"f":{"0":0,"1":0,"2":0},"b":{"0":[0],"1":[0]}}
,"/Users/dana/d4lton/libraries/node-frontend/src/firebase/Firebase.ts": {"path":"/Users/dana/d4lton/libraries/node-frontend/src/firebase/Firebase.ts","statementMap":{"0":{"start":{"line":5,"column":0},"end":{"line":5,"column":56}},"1":{"start":{"line":6,"column":0},"end":{"line":6,"column":100}},"2":{"start":{"line":7,"column":0},"end":{"line":7,"column":44}},"3":{"start":{"line":9,"column":0},"end":{"line":9,"column":40}},"4":{"start":{"line":10,"column":0},"end":{"line":10,"column":37}},"5":{"start":{"line":11,"column":0},"end":{"line":11,"column":40}},"6":{"start":{"line":13,"column":15},"end":{"line":13,"column":28}},"7":{"start":{"line":25,"column":4},"end":{"line":25,"column":42}},"8":{"start":{"line":26,"column":20},"end":{"line":26,"column":42}},"9":{"start":{"line":27,"column":4},"end":{"line":27,"column":94}},"10":{"start":{"line":28,"column":4},"end":{"line":28,"column":44}},"11":{"start":{"line":29,"column":4},"end":{"line":29,"column":96}},"12":{"start":{"line":33,"column":4},"end":{"line":33,"column":34}},"13":{"start":{"line":34,"column":4},"end":{"line":34,"column":33}},"14":{"start":{"line":38,"column":4},"end":{"line":38,"column":26}},"15":{"start":{"line":39,"column":4},"end":{"line":39,"column":34}},"16":{"start":{"line":40,"column":4},"end":{"line":44,"column":null}},"17":{"start":{"line":41,"column":6},"end":{"line":41,"column":37}},"18":{"start":{"line":43,"column":6},"end":{"line":43,"column":36}},"19":{"start":{"line":45,"column":4},"end":{"line":45,"column":28}},"20":{"start":{"line":46,"column":4},"end":{"line":46,"column":41}},"21":{"start":{"line":50,"column":4},"end":{"line":56,"column":null}},"22":{"start":{"line":51,"column":6},"end":{"line":51,"column":64}},"23":{"start":{"line":52,"column":20},"end":{"line":52,"column":83}},"24":{"start":{"line":53,"column":6},"end":{"line":53,"column":70}},"25":{"start":{"line":55,"column":6},"end":{"line":55,"column":34}},"26":{"start":{"line":57,"column":4},"end":{"line":57,"column":39}},"27":{"start":{"line":61,"column":4},"end":{"line":61,"column":26}},"28":{"start":{"line":65,"column":4},"end":{"line":65,"column":34}},"29":{"start":{"line":69,"column":18},"end":{"line":69,"column":32}},"30":{"start":{"line":70,"column":4},"end":{"line":72,"column":null}},"31":{"start":{"line":71,"column":6},"end":{"line":71,"column":30}},"32":{"start":{"line":73,"column":4},"end":{"line":73,"column":14}},"33":{"start":{"line":77,"column":18},"end":{"line":77,"column":32}},"34":{"start":{"line":78,"column":4},"end":{"line":80,"column":null}},"35":{"start":{"line":79,"column":6},"end":{"line":79,"column":31}},"36":{"start":{"line":81,"column":4},"end":{"line":81,"column":14}},"37":{"start":{"line":85,"column":4},"end":{"line":85,"column":33}},"38":{"start":{"line":89,"column":4},"end":{"line":89,"column":35}},"39":{"start":{"line":93,"column":4},"end":{"line":95,"column":null}},"40":{"start":{"line":94,"column":6},"end":{"line":94,"column":73}},"41":{"start":{"line":99,"column":4},"end":{"line":101,"column":null}},"42":{"start":{"line":100,"column":6},"end":{"line":100,"column":37}},"43":{"start":{"line":105,"column":4},"end":{"line":105,"column":34}},"44":{"start":{"line":106,"column":4},"end":{"line":106,"column":null}},"45":{"start":{"line":106,"column":27},"end":{"line":106,"column":34}},"46":{"start":{"line":107,"column":4},"end":{"line":109,"column":25}},"47":{"start":{"line":108,"column":6},"end":{"line":108,"column":36}},"48":{"start":{"line":113,"column":4},"end":{"line":113,"column":49}},"49":{"start":{"line":15,"column":0},"end":{"line":15,"column":13}}},"fnMap":{"0":{"name":"(anonymous_0)","decl":{"start":{"line":24,"column":2},"end":{"line":24,"column":8}},"loc":{"start":{"line":24,"column":20},"end":{"line":30,"column":3}}},"1":{"name":"(anonymous_1)","decl":{"start":{"line":32,"column":2},"end":{"line":32,"column":8}},"loc":{"start":{"line":32,"column":19},"end":{"line":35,"column":3}}},"2":{"name":"(anonymous_2)","decl":{"start":{"line":37,"column":2},"end":{"line":37,"column":8}},"loc":{"start":{"line":37,"column":51},"end":{"line":47,"column":3}}},"3":{"name":"(anonymous_3)","decl":{"start":{"line":49,"column":2},"end":{"line":49,"column":8}},"loc":{"start":{"line":49,"column":27},"end":{"line":58,"column":3}}},"4":{"name":"(anonymous_4)","decl":{"start":{"line":60,"column":2},"end":{"line":60,"column":8}},"loc":{"start":{"line":60,"column":17},"end":{"line":62,"column":3}}},"5":{"name":"(anonymous_5)","decl":{"start":{"line":64,"column":2},"end":{"line":64,"column":8}},"loc":{"start":{"line":64,"column":18},"end":{"line":66,"column":3}}},"6":{"name":"(anonymous_6)","decl":{"start":{"line":68,"column":2},"end":{"line":68,"column":8}},"loc":{"start":{"line":68,"column":28},"end":{"line":74,"column":3}}},"7":{"name":"(anonymous_7)","decl":{"start":{"line":76,"column":2},"end":{"line":76,"column":8}},"loc":{"start":{"line":76,"column":24},"end":{"line":82,"column":3}}},"8":{"name":"(anonymous_8)","decl":{"start":{"line":84,"column":2},"end":{"line":84,"column":8}},"loc":{"start":{"line":84,"column":17},"end":{"line":86,"column":3}}},"9":{"name":"(anonymous_9)","decl":{"start":{"line":88,"column":2},"end":{"line":88,"column":8}},"loc":{"start":{"line":88,"column":19},"end":{"line":90,"column":3}}},"10":{"name":"(anonymous_10)","decl":{"start":{"line":92,"column":2},"end":{"line":92,"column":8}},"loc":{"start":{"line":92,"column":53},"end":{"line":96,"column":3}}},"11":{"name":"(anonymous_11)","decl":{"start":{"line":98,"column":2},"end":{"line":98,"column":8}},"loc":{"start":{"line":98,"column":22},"end":{"line":102,"column":3}}},"12":{"name":"(anonymous_12)","decl":{"start":{"line":104,"column":10},"end":{"line":104,"column":16}},"loc":{"start":{"line":104,"column":36},"end":{"line":110,"column":3}}},"13":{"name":"(anonymous_13)","decl":{"start":{"line":107,"column":48},"end":{"line":107,"column":53}},"loc":{"start":{"line":107,"column":59},"end":{"line":109,"column":5}}},"14":{"name":"(anonymous_14)","decl":{"start":{"line":112,"column":10},"end":{"line":112,"column":16}},"loc":{"start":{"line":112,"column":35},"end":{"line":114,"column":3}}}},"branchMap":{"0":{"loc":{"start":{"line":40,"column":4},"end":{"line":44,"column":null}},"type":"if","locations":[{"start":{"line":40,"column":4},"end":{"line":44,"column":null}},{"start":{"line":42,"column":11},"end":{"line":44,"column":null}}]},"1":{"loc":{"start":{"line":50,"column":4},"end":{"line":56,"column":null}},"type":"if","locations":[{"start":{"line":50,"column":4},"end":{"line":56,"column":null}},{"start":{"line":54,"column":11},"end":{"line":56,"column":null}}]},"2":{"loc":{"start":{"line":70,"column":4},"end":{"line":72,"column":null}},"type":"if","locations":[{"start":{"line":70,"column":4},"end":{"line":72,"column":null}}]},"3":{"loc":{"start":{"line":78,"column":4},"end":{"line":80,"column":null}},"type":"if","locations":[{"start":{"line":78,"column":4},"end":{"line":80,"column":null}}]},"4":{"loc":{"start":{"line":93,"column":4},"end":{"line":95,"column":null}},"type":"if","locations":[{"start":{"line":93,"column":4},"end":{"line":95,"column":null}}]},"5":{"loc":{"start":{"line":99,"column":4},"end":{"line":101,"column":null}},"type":"if","locations":[{"start":{"line":99,"column":4},"end":{"line":101,"column":null}}]},"6":{"loc":{"start":{"line":106,"column":4},"end":{"line":106,"column":null}},"type":"if","locations":[{"start":{"line":106,"column":4},"end":{"line":106,"column":null}}]}},"s":{"0":1,"1":1,"2":1,"3":1,"4":1,"5":1,"6":1,"7":0,"8":0,"9":0,"10":0,"11":0,"12":0,"13":0,"14":0,"15":0,"16":0,"17":0,"18":0,"19":0,"20":0,"21":0,"22":0,"23":0,"24":0,"25":0,"26":0,"27":0,"28":0,"29":0,"30":0,"31":0,"32":0,"33":0,"34":0,"35":0,"36":0,"37":0,"38":0,"39":0,"40":0,"41":0,"42":0,"43":0,"44":0,"45":0,"46":0,"47":0,"48":0,"49":1},"f":{"0":0,"1":0,"2":0,"3":0,"4":0,"5":0,"6":0,"7":0,"8":0,"9":0,"10":0,"11":0,"12":0,"13":0,"14":0},"b":{"0":[0,0],"1":[0,0],"2":[0],"3":[0],"4":[0],"5":[0],"6":[0]}}
,"/Users/dana/d4lton/libraries/node-frontend/src/hooks/useStateChange.ts": {"path":"/Users/dana/d4lton/libraries/node-frontend/src/hooks/useStateChange.ts","statementMap":{"0":{"start":{"line":5,"column":0},"end":{"line":5,"column":42}},"1":{"start":{"line":6,"column":0},"end":{"line":6,"column":46}},"2":{"start":{"line":7,"column":0},"end":{"line":7,"column":40}},"3":{"start":{"line":8,"column":0},"end":{"line":8,"column":37}},"4":{"start":{"line":10,"column":15},"end":{"line":10,"column":28}},"5":{"start":{"line":14,"column":28},"end":{"line":14,"column":41}},"6":{"start":{"line":16,"column":2},"end":{"line":21,"column":12}},"7":{"start":{"line":17,"column":25},"end":{"line":17,"column":83}},"8":{"start":{"line":17,"column":61},"end":{"line":17,"column":82}},"9":{"start":{"line":18,"column":4},"end":{"line":20,"column":6}},"10":{"start":{"line":19,"column":6},"end":{"line":19,"column":40}},"11":{"start":{"line":23,"column":2},"end":{"line":23,"column":15}},"12":{"start":{"line":12,"column":0},"end":{"line":12,"column":16}}},"fnMap":{"0":{"name":"useStateChange","decl":{"start":{"line":12,"column":16},"end":{"line":12,"column":30}},"loc":{"start":{"line":12,"column":45},"end":{"line":25,"column":1}}},"1":{"name":"(anonymous_1)","decl":{"start":{"line":16,"column":12},"end":{"line":16,"column":15}},"loc":{"start":{"line":16,"column":17},"end":{"line":21,"column":3}}},"2":{"name":"(anonymous_2)","decl":{"start":{"line":17,"column":45},"end":{"line":17,"column":46}},"loc":{"start":{"line":17,"column":61},"end":{"line":17,"column":82}}},"3":{"name":"(anonymous_3)","decl":{"start":{"line":18,"column":11},"end":{"line":18,"column":14}},"loc":{"start":{"line":18,"column":16},"end":{"line":20,"column":5}}}},"branchMap":{},"s":{"0":1,"1":1,"2":1,"3":1,"4":1,"5":0,"6":0,"7":0,"8":0,"9":0,"10":0,"11":0,"12":1},"f":{"0":0,"1":0,"2":0,"3":0},"b":{}}
,"/Users/dana/d4lton/libraries/node-frontend/src/logger/Logger.ts": {"path":"/Users/dana/d4lton/libraries/node-frontend/src/logger/Logger.ts","statementMap":{"0":{"start":{"line":4,"column":0},"end":{"line":4,"column":79}},"1":{"start":{"line":8,"column":35},"end":{"line":8,"column":47}},"2":{"start":{"line":9,"column":39},"end":{"line":9,"column":57}},"3":{"start":{"line":14,"column":4},"end":{"line":14,"column":115}},"4":{"start":{"line":18,"column":4},"end":{"line":18,"column":54}},"5":{"start":{"line":22,"column":4},"end":{"line":22,"column":null}},"6":{"start":{"line":22,"column":46},"end":{"line":22,"column":53}},"7":{"start":{"line":23,"column":4},"end":{"line":23,"column":54}},"8":{"start":{"line":27,"column":4},"end":{"line":27,"column":null}},"9":{"start":{"line":27,"column":45},"end":{"line":27,"column":52}},"10":{"start":{"line":28,"column":4},"end":{"line":28,"column":52}},"11":{"start":{"line":32,"column":4},"end":{"line":32,"column":null}},"12":{"start":{"line":32,"column":45},"end":{"line":32,"column":52}},"13":{"start":{"line":33,"column":4},"end":{"line":33,"column":51}},"14":{"start":{"line":37,"column":4},"end":{"line":37,"column":null}},"15":{"start":{"line":37,"column":46},"end":{"line":37,"column":53}},"16":{"start":{"line":38,"column":4},"end":{"line":38,"column":92}},"17":{"start":{"line":42,"column":4},"end":{"line":42,"column":null}},"18":{"start":{"line":42,"column":46},"end":{"line":42,"column":53}},"19":{"start":{"line":43,"column":4},"end":{"line":43,"column":90}},"20":{"start":{"line":47,"column":4},"end":{"line":47,"column":null}},"21":{"start":{"line":47,"column":46},"end":{"line":47,"column":53}},"22":{"start":{"line":48,"column":4},"end":{"line":48,"column":92}},"23":{"start":{"line":52,"column":4},"end":{"line":52,"column":32}},"24":{"start":{"line":56,"column":4},"end":{"line":56,"column":27}},"25":{"start":{"line":60,"column":4},"end":{"line":60,"column":25}},"26":{"start":{"line":64,"column":4},"end":{"line":64,"column":26}},"27":{"start":{"line":68,"column":4},"end":{"line":68,"column":26}},"28":{"start":{"line":6,"column":0},"end":{"line":6,"column":13}}},"fnMap":{"0":{"name":"(anonymous_0)","decl":{"start":{"line":12,"column":2},"end":{"line":12,"column":8}},"loc":{"start":{"line":12,"column":14},"end":{"line":15,"column":3}}},"1":{"name":"(anonymous_1)","decl":{"start":{"line":17,"column":2},"end":{"line":17,"column":7}},"loc":{"start":{"line":17,"column":22},"end":{"line":19,"column":3}}},"2":{"name":"(anonymous_2)","decl":{"start":{"line":21,"column":2},"end":{"line":21,"column":7}},"loc":{"start":{"line":21,"column":22},"end":{"line":24,"column":3}}},"3":{"name":"(anonymous_3)","decl":{"start":{"line":26,"column":2},"end":{"line":26,"column":6}},"loc":{"start":{"line":26,"column":21},"end":{"line":29,"column":3}}},"4":{"name":"(anonymous_4)","decl":{"start":{"line":31,"column":2},"end":{"line":31,"column":6}},"loc":{"start":{"line":31,"column":21},"end":{"line":34,"column":3}}},"5":{"name":"(anonymous_5)","decl":{"start":{"line":36,"column":2},"end":{"line":36,"column":7}},"loc":{"start":{"line":36,"column":22},"end":{"line":39,"column":3}}},"6":{"name":"(anonymous_6)","decl":{"start":{"line":41,"column":2},"end":{"line":41,"column":7}},"loc":{"start":{"line":41,"column":22},"end":{"line":44,"column":3}}},"7":{"name":"(anonymous_7)","decl":{"start":{"line":46,"column":2},"end":{"line":46,"column":12}},"loc":{"start":{"line":46,"column":27},"end":{"line":49,"column":3}}},"8":{"name":"(anonymous_8)","decl":{"start":{"line":51,"column":2},"end":{"line":51,"column":8}},"loc":{"start":{"line":51,"column":19},"end":{"line":53,"column":3}}},"9":{"name":"(anonymous_9)","decl":{"start":{"line":55,"column":2},"end":{"line":55,"column":8}},"loc":{"start":{"line":55,"column":33},"end":{"line":57,"column":3}}},"10":{"name":"(anonymous_10)","decl":{"start":{"line":59,"column":2},"end":{"line":59,"column":8}},"loc":{"start":{"line":59,"column":18},"end":{"line":61,"column":3}}},"11":{"name":"(anonymous_11)","decl":{"start":{"line":63,"column":2},"end":{"line":63,"column":8}},"loc":{"start":{"line":63,"column":37},"end":{"line":65,"column":3}}},"12":{"name":"(anonymous_12)","decl":{"start":{"line":67,"column":2},"end":{"line":67,"column":8}},"loc":{"start":{"line":67,"column":19},"end":{"line":69,"column":3}}}},"branchMap":{"0":{"loc":{"start":{"line":14,"column":19},"end":{"line":14,"column":114}},"type":"cond-expr","locations":[{"start":{"line":14,"column":46},"end":{"line":14,"column":93}},{"start":{"line":14,"column":96},"end":{"line":14,"column":114}}]},"1":{"loc":{"start":{"line":22,"column":4},"end":{"line":22,"column":null}},"type":"if","locations":[{"start":{"line":22,"column":4},"end":{"line":22,"column":null}}]},"2":{"loc":{"start":{"line":27,"column":4},"end":{"line":27,"column":null}},"type":"if","locations":[{"start":{"line":27,"column":4},"end":{"line":27,"column":null}}]},"3":{"loc":{"start":{"line":32,"column":4},"end":{"line":32,"column":null}},"type":"if","locations":[{"start":{"line":32,"column":4},"end":{"line":32,"column":null}}]},"4":{"loc":{"start":{"line":37,"column":4},"end":{"line":37,"column":null}},"type":"if","locations":[{"start":{"line":37,"column":4},"end":{"line":37,"column":null}}]},"5":{"loc":{"start":{"line":42,"column":4},"end":{"line":42,"column":null}},"type":"if","locations":[{"start":{"line":42,"column":4},"end":{"line":42,"column":null}}]},"6":{"loc":{"start":{"line":47,"column":4},"end":{"line":47,"column":null}},"type":"if","locations":[{"start":{"line":47,"column":4},"end":{"line":47,"column":null}}]},"7":{"loc":{"start":{"line":52,"column":11},"end":{"line":52,"column":31}},"type":"binary-expr","locations":[{"start":{"line":52,"column":11},"end":{"line":52,"column":25}},{"start":{"line":52,"column":29},"end":{"line":52,"column":31}}]}},"s":{"0":1,"1":1,"2":1,"3":0,"4":0,"5":0,"6":0,"7":0,"8":0,"9":0,"10":0,"11":0,"12":0,"13":0,"14":0,"15":0,"16":0,"17":1,"18":1,"19":0,"20":0,"21":0,"22":0,"23":0,"24":0,"25":0,"26":0,"27":4,"28":1},"f":{"0":0,"1":0,"2":0,"3":0,"4":0,"5":0,"6":1,"7":0,"8":0,"9":0,"10":0,"11":0,"12":4},"b":{"0":[0,0],"1":[0],"2":[0],"3":[0],"4":[0],"5":[1],"6":[0],"7":[0,0]}}
,"/Users/dana/d4lton/libraries/node-frontend/src/logger/LoggerLevel.ts": {"path":"/Users/dana/d4lton/libraries/node-frontend/src/logger/LoggerLevel.ts","statementMap":{"0":{"start":{"line":5,"column":13},"end":{"line":13,"column":11}},"1":{"start":{"line":17,"column":31},"end":{"line":17,"column":85}},"2":{"start":{"line":17,"column":54},"end":{"line":17,"column":85}},"3":{"start":{"line":17,"column":13},"end":{"line":17,"column":31}},"4":{"start":{"line":18,"column":35},"end":{"line":18,"column":90}},"5":{"start":{"line":18,"column":72},"end":{"line":18,"column":90}},"6":{"start":{"line":18,"column":13},"end":{"line":18,"column":35}},"7":{"start":{"line":19,"column":37},"end":{"line":19,"column":73}},"8":{"start":{"line":19,"column":55},"end":{"line":19,"column":73}},"9":{"start":{"line":19,"column":13},"end":{"line":19,"column":37}}},"fnMap":{"0":{"name":"(anonymous_0)","decl":{"start":{"line":17,"column":31},"end":{"line":17,"column":32}},"loc":{"start":{"line":17,"column":54},"end":{"line":17,"column":85}}},"1":{"name":"(anonymous_1)","decl":{"start":{"line":18,"column":35},"end":{"line":18,"column":36}},"loc":{"start":{"line":18,"column":72},"end":{"line":18,"column":90}}},"2":{"name":"(anonymous_2)","decl":{"start":{"line":19,"column":37},"end":{"line":19,"column":38}},"loc":{"start":{"line":19,"column":55},"end":{"line":19,"column":73}}}},"branchMap":{},"s":{"0":1,"1":1,"2":0,"3":1,"4":1,"5":0,"6":1,"7":1,"8":0,"9":1},"f":{"0":0,"1":0,"2":0},"b":{}}
,"/Users/dana/d4lton/libraries/node-frontend/src/state/State.ts": {"path":"/Users/dana/d4lton/libraries/node-frontend/src/state/State.ts","statementMap":{"0":{"start":{"line":4,"column":0},"end":{"line":4,"column":86}},"1":{"start":{"line":5,"column":0},"end":{"line":5,"column":40}},"2":{"start":{"line":6,"column":0},"end":{"line":6,"column":52}},"3":{"start":{"line":8,"column":15},"end":{"line":8,"column":28}},"4":{"start":{"line":12,"column":32},"end":{"line":12,"column":34}},"5":{"start":{"line":15,"column":4},"end":{"line":19,"column":null}},"6":{"start":{"line":16,"column":23},"end":{"line":16,"column":41}},"7":{"start":{"line":17,"column":6},"end":{"line":17,"column":33}},"8":{"start":{"line":18,"column":6},"end":{"line":18,"column":68}},"9":{"start":{"line":23,"column":4},"end":{"line":23,"column":30}},"10":{"start":{"line":27,"column":4},"end":{"line":27,"column":60}},"11":{"start":{"line":28,"column":4},"end":{"line":28,"column":55}},"12":{"start":{"line":32,"column":4},"end":{"line":32,"column":null}},"13":{"start":{"line":32,"column":27},"end":{"line":32,"column":100}},"14":{"start":{"line":33,"column":27},"end":{"line":33,"column":70}},"15":{"start":{"line":33,"column":46},"end":{"line":33,"column":69}},"16":{"start":{"line":34,"column":4},"end":{"line":34,"column":null}},"17":{"start":{"line":34,"column":43},"end":{"line":34,"column":114}},"18":{"start":{"line":35,"column":39},"end":{"line":35,"column":80}},"19":{"start":{"line":35,"column":56},"end":{"line":35,"column":79}},"20":{"start":{"line":36,"column":4},"end":{"line":40,"column":49}},"21":{"start":{"line":37,"column":19},"end":{"line":37,"column":38}},"22":{"start":{"line":39,"column":22},"end":{"line":39,"column":26}},"23":{"start":{"line":40,"column":18},"end":{"line":40,"column":47}},"24":{"start":{"line":10,"column":0},"end":{"line":10,"column":13}}},"fnMap":{"0":{"name":"(anonymous_0)","decl":{"start":{"line":14,"column":2},"end":{"line":14,"column":8}},"loc":{"start":{"line":14,"column":36},"end":{"line":20,"column":3}}},"1":{"name":"(anonymous_1)","decl":{"start":{"line":22,"column":2},"end":{"line":22,"column":8}},"loc":{"start":{"line":22,"column":24},"end":{"line":24,"column":3}}},"2":{"name":"(anonymous_2)","decl":{"start":{"line":26,"column":2},"end":{"line":26,"column":8}},"loc":{"start":{"line":26,"column":57},"end":{"line":29,"column":3}}},"3":{"name":"(anonymous_3)","decl":{"start":{"line":31,"column":2},"end":{"line":31,"column":8}},"loc":{"start":{"line":31,"column":63},"end":{"line":41,"column":3}}},"4":{"name":"(anonymous_4)","decl":{"start":{"line":33,"column":39},"end":{"line":33,"column":42}},"loc":{"start":{"line":33,"column":46},"end":{"line":33,"column":69}}},"5":{"name":"(anonymous_5)","decl":{"start":{"line":35,"column":49},"end":{"line":35,"column":52}},"loc":{"start":{"line":35,"column":56},"end":{"line":35,"column":79}}},"6":{"name":"(anonymous_6)","decl":{"start":{"line":37,"column":11},"end":{"line":37,"column":15}},"loc":{"start":{"line":37,"column":19},"end":{"line":37,"column":38}}},"7":{"name":"(anonymous_7)","decl":{"start":{"line":39,"column":14},"end":{"line":39,"column":18}},"loc":{"start":{"line":39,"column":22},"end":{"line":39,"column":26}}},"8":{"name":"(anonymous_8)","decl":{"start":{"line":40,"column":11},"end":{"line":40,"column":14}},"loc":{"start":{"line":40,"column":18},"end":{"line":40,"column":47}}}},"branchMap":{"0":{"loc":{"start":{"line":15,"column":4},"end":{"line":19,"column":null}},"type":"if","locations":[{"start":{"line":15,"column":4},"end":{"line":19,"column":null}}]},"1":{"loc":{"start":{"line":32,"column":4},"end":{"line":32,"column":null}},"type":"if","locations":[{"start":{"line":32,"column":4},"end":{"line":32,"column":null}}]},"2":{"loc":{"start":{"line":34,"column":4},"end":{"line":34,"column":null}},"type":"if","locations":[{"start":{"line":34,"column":4},"end":{"line":34,"column":null}}]}},"s":{"0":1,"1":1,"2":1,"3":1,"4":1,"5":0,"6":0,"7":0,"8":0,"9":0,"10":0,"11":0,"12":0,"13":0,"14":0,"15":0,"16":0,"17":0,"18":0,"19":0,"20":0,"21":0,"22":0,"23":0,"24":1},"f":{"0":0,"1":0,"2":0,"3":0,"4":0,"5":0,"6":0,"7":0,"8":0},"b":{"0":[0],"1":[0],"2":[0]}}
,"/Users/dana/d4lton/libraries/node-frontend/src/state/StateChangeEvent.ts": {"path":"/Users/dana/d4lton/libraries/node-frontend/src/state/StateChangeEvent.ts","statementMap":{"0":{"start":{"line":5,"column":0},"end":{"line":5,"column":40}},"1":{"start":{"line":10,"column":4},"end":{"line":10,"column":26}},"2":{"start":{"line":9,"column":21},"end":{"line":9,"column":32}},"3":{"start":{"line":9,"column":41},"end":{"line":9,"column":51}},"4":{"start":{"line":9,"column":60},"end":{"line":9,"column":74}},"5":{"start":{"line":7,"column":0},"end":{"line":7,"column":13}}},"fnMap":{"0":{"name":"(anonymous_0)","decl":{"start":{"line":9,"column":2},"end":{"line":9,"column":21}},"loc":{"start":{"line":9,"column":74},"end":{"line":11,"column":3}}}},"branchMap":{},"s":{"0":1,"1":0,"2":0,"3":0,"4":0,"5":1},"f":{"0":0},"b":{}}
}
