TN:
SF:src/index.ts
FN:5,(anonymous_0)
FN:6,(anonymous_1)
FN:7,(anonymous_2)
FN:8,(anonymous_3)
FN:9,(anonymous_4)
FN:9,(anonymous_5)
FN:10,(anonymous_6)
FN:11,(anonymous_7)
FNF:8
FNH:1
FNDA:0,(anonymous_0)
FNDA:3,(anonymous_1)
FNDA:0,(anonymous_2)
FNDA:0,(anonymous_3)
FNDA:0,(anonymous_4)
FNDA:0,(anonymous_5)
FNDA:0,(anonymous_6)
FNDA:0,(anonymous_7)
DA:5,1
DA:6,4
DA:7,1
DA:8,1
DA:9,1
DA:10,1
DA:11,1
LF:7
LH:7
BRF:0
BRH:0
end_of_record
TN:
SF:src/eventbus/Event.ts
FN:7,(anonymous_0)
FNF:1
FNH:0
FNDA:0,(anonymous_0)
DA:5,1
DA:7,0
LF:2
LH:1
BRF:0
BRH:0
end_of_record
TN:
SF:src/eventbus/EventBus.ts
FN:27,(anonymous_0)
FN:29,(anonymous_1)
FN:31,(anonymous_2)
FN:33,(anonymous_3)
FN:35,(anonymous_4)
FN:36,(anonymous_5)
FN:39,(anonymous_6)
FN:44,(anonymous_7)
FN:52,(anonymous_8)
FN:55,(anonymous_9)
FN:66,(anonymous_10)
FN:72,(anonymous_11)
FNF:12
FNH:6
FNDA:0,(anonymous_0)
FNDA:0,(anonymous_1)
FNDA:0,(anonymous_2)
FNDA:0,(anonymous_3)
FNDA:0,(anonymous_4)
FNDA:0,(anonymous_5)
FNDA:1,(anonymous_6)
FNDA:1,(anonymous_7)
FNDA:1,(anonymous_8)
FNDA:1,(anonymous_9)
FNDA:1,(anonymous_10)
FNDA:1,(anonymous_11)
DA:5,1
DA:8,1
DA:22,1
DA:24,1
DA:25,1
DA:28,0
DA:29,0
DA:30,0
DA:31,0
DA:32,0
DA:33,0
DA:35,0
DA:36,0
DA:40,1
DA:41,1
DA:45,1
DA:46,1
DA:47,1
DA:48,1
DA:49,1
DA:50,1
DA:53,1
DA:54,1
DA:55,1
DA:56,1
DA:57,0
DA:59,1
DA:67,1
DA:68,1
DA:73,1
DA:74,1
DA:75,1
DA:76,1
DA:77,1
DA:78,1
DA:80,0
LF:36
LH:26
BRDA:28,0,0,0
BRDA:30,1,0,0
BRDA:40,2,0,0
BRDA:47,3,0,1
BRDA:54,4,0,1
BRDA:56,5,0,0
BRDA:56,5,1,1
BRDA:74,6,0,1
BRDA:74,6,1,0
BRDA:74,7,0,0
BRDA:74,7,1,1
BRDA:74,8,0,1
BRDA:74,8,1,1
BRDA:75,9,0,1
BRF:14
BRH:8
end_of_record
TN:
SF:src/hooks/useStateChange.ts
FN:12,useStateChange
FN:16,(anonymous_1)
FN:17,(anonymous_2)
FN:18,(anonymous_3)
FNF:4
FNH:0
FNDA:0,useStateChange
FNDA:0,(anonymous_1)
FNDA:0,(anonymous_2)
FNDA:0,(anonymous_3)
DA:5,1
DA:6,1
DA:7,1
DA:8,1
DA:10,1
DA:12,1
DA:14,0
DA:16,0
DA:17,0
DA:18,0
DA:19,0
DA:23,0
LF:12
LH:6
BRF:0
BRH:0
end_of_record
TN:
SF:src/logger/Logger.ts
FN:12,(anonymous_0)
FN:17,(anonymous_1)
FN:21,(anonymous_2)
FN:26,(anonymous_3)
FN:31,(anonymous_4)
FN:36,(anonymous_5)
FN:41,(anonymous_6)
FN:46,(anonymous_7)
FN:51,(anonymous_8)
FN:55,(anonymous_9)
FN:59,(anonymous_10)
FN:63,(anonymous_11)
FN:67,(anonymous_12)
FNF:13
FNH:2
FNDA:0,(anonymous_0)
FNDA:0,(anonymous_1)
FNDA:0,(anonymous_2)
FNDA:0,(anonymous_3)
FNDA:0,(anonymous_4)
FNDA:0,(anonymous_5)
FNDA:1,(anonymous_6)
FNDA:0,(anonymous_7)
FNDA:0,(anonymous_8)
FNDA:0,(anonymous_9)
FNDA:0,(anonymous_10)
FNDA:0,(anonymous_11)
FNDA:3,(anonymous_12)
DA:4,1
DA:6,1
DA:8,1
DA:9,1
DA:14,0
DA:18,0
DA:22,0
DA:23,0
DA:27,0
DA:28,0
DA:32,0
DA:33,0
DA:37,0
DA:38,0
DA:42,1
DA:43,0
DA:47,0
DA:48,0
DA:52,0
DA:56,0
DA:60,0
DA:64,0
DA:68,3
LF:23
LH:6
BRDA:14,0,0,0
BRDA:14,0,1,0
BRDA:22,1,0,0
BRDA:27,2,0,0
BRDA:32,3,0,0
BRDA:37,4,0,0
BRDA:42,5,0,1
BRDA:47,6,0,0
BRDA:52,7,0,0
BRDA:52,7,1,0
BRF:10
BRH:1
end_of_record
TN:
SF:src/logger/LoggerLevel.ts
FN:17,(anonymous_0)
FN:18,(anonymous_1)
FN:19,(anonymous_2)
FNF:3
FNH:0
FNDA:0,(anonymous_0)
FNDA:0,(anonymous_1)
FNDA:0,(anonymous_2)
DA:5,1
DA:17,1
DA:18,1
DA:19,1
LF:4
LH:4
BRF:0
BRH:0
end_of_record
TN:
SF:src/state/State.ts
FN:14,(anonymous_0)
FN:22,(anonymous_1)
FN:26,(anonymous_2)
FN:31,(anonymous_3)
FN:33,(anonymous_4)
FN:35,(anonymous_5)
FN:37,(anonymous_6)
FN:39,(anonymous_7)
FN:40,(anonymous_8)
FNF:9
FNH:0
FNDA:0,(anonymous_0)
FNDA:0,(anonymous_1)
FNDA:0,(anonymous_2)
FNDA:0,(anonymous_3)
FNDA:0,(anonymous_4)
FNDA:0,(anonymous_5)
FNDA:0,(anonymous_6)
FNDA:0,(anonymous_7)
FNDA:0,(anonymous_8)
DA:4,1
DA:5,1
DA:6,1
DA:8,1
DA:10,1
DA:12,1
DA:15,0
DA:16,0
DA:17,0
DA:18,0
DA:23,0
DA:27,0
DA:28,0
DA:32,0
DA:33,0
DA:34,0
DA:35,0
DA:36,0
DA:37,0
DA:39,0
DA:40,0
LF:21
LH:6
BRDA:15,0,0,0
BRDA:32,1,0,0
BRDA:34,2,0,0
BRF:3
BRH:0
end_of_record
TN:
SF:src/state/StateChangeEvent.ts
FN:9,(anonymous_0)
FNF:1
FNH:0
FNDA:0,(anonymous_0)
DA:5,1
DA:7,1
DA:9,0
DA:10,0
LF:4
LH:2
BRF:0
BRH:0
end_of_record
